<?xml version="1.0" encoding="UTF-8"?>
<testng-results skipped="0" failed="0" total="1" passed="1">
  <reporter-output>
  </reporter-output>
  <suite name="Default suite" duration-ms="5507" started-at="2023-10-16T08:48:01Z" finished-at="2023-10-16T08:48:06Z">
    <groups>
    </groups>
    <test name="Default test" duration-ms="5507" started-at="2023-10-16T08:48:01Z" finished-at="2023-10-16T08:48:06Z">
      <class name="Com.ems.Extra_Concepts.Serialization">
        <test-method status="PASS" signature="serialization()[pri:0, instance:Com.ems.Extra_Concepts.Serialization@11531931]" name="serialization" duration-ms="5487" started-at="2023-10-16T14:18:01Z" finished-at="2023-10-16T14:18:06Z">
          <reporter-output>
          </reporter-output>
        </test-method> <!-- serialization -->
      </class> <!-- Com.ems.Extra_Concepts.Serialization -->
    </test> <!-- Default test -->
  </suite> <!-- Default suite -->
</testng-results>
